<?xml version="1.0" encoding="UTF-8"?>
<testsuite xmlns:xsi="http://www.w3.org/2001/XMLSchema-instance" xsi:noNamespaceSchemaLocation="https://maven.apache.org/surefire/maven-surefire-plugin/xsd/surefire-test-report.xsd" name="dev.tommy.plugin.print_last_death.AppTest" time="0.049" tests="1" errors="0" skipped="0" failures="0">
  <properties>
    <property name="java.specification.version" value="17"/>
    <property name="sun.cpu.isalist" value="amd64"/>
    <property name="sun.jnu.encoding" value="GBK"/>
    <property name="java.class.path" value="d:\my programs\minecraft\plugin\print last death\print_last_death\target\test-classes;d:\my programs\minecraft\plugin\print last death\print_last_death\target\classes;C:\Users\Tommy AU\.m2\repository\junit\junit\4.11\junit-4.11.jar;C:\Users\Tommy AU\.m2\repository\org\hamcrest\hamcrest-core\1.3\hamcrest-core-1.3.jar;C:\Users\Tommy AU\.m2\repository\io\papermc\paper\paper-api\1.18.2-R0.1-SNAPSHOT\paper-api-1.18.2-R0.1-SNAPSHOT.jar;C:\Users\Tommy AU\.m2\repository\commons-lang\commons-lang\2.6\commons-lang-2.6.jar;C:\Users\Tommy AU\.m2\repository\com\google\guava\guava\31.0.1-jre\guava-31.0.1-jre.jar;C:\Users\Tommy AU\.m2\repository\com\google\guava\failureaccess\1.0.1\failureaccess-1.0.1.jar;C:\Users\Tommy AU\.m2\repository\com\google\guava\listenablefuture\9999.0-empty-to-avoid-conflict-with-guava\listenablefuture-9999.0-empty-to-avoid-conflict-with-guava.jar;C:\Users\Tommy AU\.m2\repository\com\google\code\findbugs\jsr305\3.0.2\jsr305-3.0.2.jar;C:\Users\Tommy AU\.m2\repository\com\google\errorprone\error_prone_annotations\2.7.1\error_prone_annotations-2.7.1.jar;C:\Users\Tommy AU\.m2\repository\com\google\j2objc\j2objc-annotations\1.3\j2objc-annotations-1.3.jar;C:\Users\Tommy AU\.m2\repository\com\google\code\gson\gson\2.8.9\gson-2.8.9.jar;C:\Users\Tommy AU\.m2\repository\net\md-5\bungeecord-chat\1.16-R0.4-deprecated+build.6\bungeecord-chat-1.16-R0.4-deprecated+build.6.jar;C:\Users\Tommy AU\.m2\repository\org\yaml\snakeyaml\1.30\snakeyaml-1.30.jar;C:\Users\Tommy AU\.m2\repository\com\googlecode\json-simple\json-simple\1.1.1\json-simple-1.1.1.jar;C:\Users\Tommy AU\.m2\repository\it\unimi\dsi\fastutil\8.5.6\fastutil-8.5.6.jar;C:\Users\Tommy AU\.m2\repository\org\apache\logging\log4j\log4j-api\2.17.1\log4j-api-2.17.1.jar;C:\Users\Tommy AU\.m2\repository\org\slf4j\slf4j-api\1.8.0-beta4\slf4j-api-1.8.0-beta4.jar;C:\Users\Tommy AU\.m2\repository\net\kyori\adventure-api\4.10.1\adventure-api-4.10.1.jar;C:\Users\Tommy AU\.m2\repository\net\kyori\adventure-key\4.10.1\adventure-key-4.10.1.jar;C:\Users\Tommy AU\.m2\repository\net\kyori\examination-api\1.3.0\examination-api-1.3.0.jar;C:\Users\Tommy AU\.m2\repository\net\kyori\examination-string\1.3.0\examination-string-1.3.0.jar;C:\Users\Tommy AU\.m2\repository\org\jetbrains\annotations\23.0.0\annotations-23.0.0.jar;C:\Users\Tommy AU\.m2\repository\net\kyori\adventure-text-minimessage\4.10.1\adventure-text-minimessage-4.10.1.jar;C:\Users\Tommy AU\.m2\repository\net\kyori\adventure-text-serializer-gson\4.10.1\adventure-text-serializer-gson-4.10.1.jar;C:\Users\Tommy AU\.m2\repository\net\kyori\adventure-text-serializer-legacy\4.10.1\adventure-text-serializer-legacy-4.10.1.jar;C:\Users\Tommy AU\.m2\repository\net\kyori\adventure-text-serializer-plain\4.10.1\adventure-text-serializer-plain-4.10.1.jar;C:\Users\Tommy AU\.m2\repository\org\checkerframework\checker-qual\3.21.0\checker-qual-3.21.0.jar;C:\Users\Tommy AU\.m2\repository\org\ow2\asm\asm\9.2\asm-9.2.jar;C:\Users\Tommy AU\.m2\repository\org\ow2\asm\asm-commons\9.2\asm-commons-9.2.jar;C:\Users\Tommy AU\.m2\repository\org\ow2\asm\asm-tree\9.2\asm-tree-9.2.jar;C:\Users\Tommy AU\.m2\repository\org\ow2\asm\asm-analysis\9.2\asm-analysis-9.2.jar;"/>
    <property name="java.vm.vendor" value="Oracle Corporation"/>
    <property name="sun.arch.data.model" value="64"/>
    <property name="user.variant" value=""/>
    <property name="java.vendor.url" value="https://java.oracle.com/"/>
    <property name="user.timezone" value="Asia/Hong_Kong"/>
    <property name="os.name" value="Windows 10"/>
    <property name="java.vm.specification.version" value="17"/>
    <property name="sun.java.launcher" value="SUN_STANDARD"/>
    <property name="user.country" value="CN"/>
    <property name="sun.boot.library.path" value="C:\Program Files\Java\jdk-17.0.2\bin"/>
    <property name="sun.java.command" value="C:\Users\TOMMYA~1\AppData\Local\Temp\surefire17148424421773757232\surefirebooter4729559845253145480.jar C:\Users\Tommy AU\AppData\Local\Temp\surefire17148424421773757232 2022-06-05T13-29-18_778-jvmRun1 surefire776416494487159741tmp surefire_014573714360710726307tmp"/>
    <property name="jdk.debug" value="release"/>
    <property name="surefire.test.class.path" value="d:\my programs\minecraft\plugin\print last death\print_last_death\target\test-classes;d:\my programs\minecraft\plugin\print last death\print_last_death\target\classes;C:\Users\Tommy AU\.m2\repository\junit\junit\4.11\junit-4.11.jar;C:\Users\Tommy AU\.m2\repository\org\hamcrest\hamcrest-core\1.3\hamcrest-core-1.3.jar;C:\Users\Tommy AU\.m2\repository\io\papermc\paper\paper-api\1.18.2-R0.1-SNAPSHOT\paper-api-1.18.2-R0.1-SNAPSHOT.jar;C:\Users\Tommy AU\.m2\repository\commons-lang\commons-lang\2.6\commons-lang-2.6.jar;C:\Users\Tommy AU\.m2\repository\com\google\guava\guava\31.0.1-jre\guava-31.0.1-jre.jar;C:\Users\Tommy AU\.m2\repository\com\google\guava\failureaccess\1.0.1\failureaccess-1.0.1.jar;C:\Users\Tommy AU\.m2\repository\com\google\guava\listenablefuture\9999.0-empty-to-avoid-conflict-with-guava\listenablefuture-9999.0-empty-to-avoid-conflict-with-guava.jar;C:\Users\Tommy AU\.m2\repository\com\google\code\findbugs\jsr305\3.0.2\jsr305-3.0.2.jar;C:\Users\Tommy AU\.m2\repository\com\google\errorprone\error_prone_annotations\2.7.1\error_prone_annotations-2.7.1.jar;C:\Users\Tommy AU\.m2\repository\com\google\j2objc\j2objc-annotations\1.3\j2objc-annotations-1.3.jar;C:\Users\Tommy AU\.m2\repository\com\google\code\gson\gson\2.8.9\gson-2.8.9.jar;C:\Users\Tommy AU\.m2\repository\net\md-5\bungeecord-chat\1.16-R0.4-deprecated+build.6\bungeecord-chat-1.16-R0.4-deprecated+build.6.jar;C:\Users\Tommy AU\.m2\repository\org\yaml\snakeyaml\1.30\snakeyaml-1.30.jar;C:\Users\Tommy AU\.m2\repository\com\googlecode\json-simple\json-simple\1.1.1\json-simple-1.1.1.jar;C:\Users\Tommy AU\.m2\repository\it\unimi\dsi\fastutil\8.5.6\fastutil-8.5.6.jar;C:\Users\Tommy AU\.m2\repository\org\apache\logging\log4j\log4j-api\2.17.1\log4j-api-2.17.1.jar;C:\Users\Tommy AU\.m2\repository\org\slf4j\slf4j-api\1.8.0-beta4\slf4j-api-1.8.0-beta4.jar;C:\Users\Tommy AU\.m2\repository\net\kyori\adventure-api\4.10.1\adventure-api-4.10.1.jar;C:\Users\Tommy AU\.m2\repository\net\kyori\adventure-key\4.10.1\adventure-key-4.10.1.jar;C:\Users\Tommy AU\.m2\repository\net\kyori\examination-api\1.3.0\examination-api-1.3.0.jar;C:\Users\Tommy AU\.m2\repository\net\kyori\examination-string\1.3.0\examination-string-1.3.0.jar;C:\Users\Tommy AU\.m2\repository\org\jetbrains\annotations\23.0.0\annotations-23.0.0.jar;C:\Users\Tommy AU\.m2\repository\net\kyori\adventure-text-minimessage\4.10.1\adventure-text-minimessage-4.10.1.jar;C:\Users\Tommy AU\.m2\repository\net\kyori\adventure-text-serializer-gson\4.10.1\adventure-text-serializer-gson-4.10.1.jar;C:\Users\Tommy AU\.m2\repository\net\kyori\adventure-text-serializer-legacy\4.10.1\adventure-text-serializer-legacy-4.10.1.jar;C:\Users\Tommy AU\.m2\repository\net\kyori\adventure-text-serializer-plain\4.10.1\adventure-text-serializer-plain-4.10.1.jar;C:\Users\Tommy AU\.m2\repository\org\checkerframework\checker-qual\3.21.0\checker-qual-3.21.0.jar;C:\Users\Tommy AU\.m2\repository\org\ow2\asm\asm\9.2\asm-9.2.jar;C:\Users\Tommy AU\.m2\repository\org\ow2\asm\asm-commons\9.2\asm-commons-9.2.jar;C:\Users\Tommy AU\.m2\repository\org\ow2\asm\asm-tree\9.2\asm-tree-9.2.jar;C:\Users\Tommy AU\.m2\repository\org\ow2\asm\asm-analysis\9.2\asm-analysis-9.2.jar;"/>
    <property name="sun.cpu.endian" value="little"/>
    <property name="user.home" value="C:\Users\Tommy AU"/>
    <property name="user.language" value="zh"/>
    <property name="java.specification.vendor" value="Oracle Corporation"/>
    <property name="java.version.date" value="2022-01-18"/>
    <property name="java.home" value="C:\Program Files\Java\jdk-17.0.2"/>
    <property name="file.separator" value="\"/>
    <property name="basedir" value="d:\my programs\minecraft\plugin\print last death\print_last_death"/>
    <property name="java.vm.compressedOopsMode" value="Zero based"/>
    <property name="line.separator" value="&#10;"/>
    <property name="java.vm.specification.vendor" value="Oracle Corporation"/>
    <property name="java.specification.name" value="Java Platform API Specification"/>
    <property name="surefire.real.class.path" value="C:\Users\TOMMYA~1\AppData\Local\Temp\surefire17148424421773757232\surefirebooter4729559845253145480.jar"/>
    <property name="user.script" value=""/>
    <property name="sun.management.compiler" value="HotSpot 64-Bit Tiered Compilers"/>
    <property name="java.runtime.version" value="17.0.2+8-LTS-86"/>
    <property name="user.name" value="Tommy AU"/>
    <property name="path.separator" value=";"/>
    <property name="os.version" value="10.0"/>
    <property name="java.runtime.name" value="Java(TM) SE Runtime Environment"/>
    <property name="file.encoding" value="GBK"/>
    <property name="java.vm.name" value="Java HotSpot(TM) 64-Bit Server VM"/>
    <property name="localRepository" value="C:\Users\Tommy AU\.m2\repository"/>
    <property name="java.vendor.url.bug" value="https://bugreport.java.com/bugreport/"/>
    <property name="java.io.tmpdir" value="C:\Users\TOMMYA~1\AppData\Local\Temp\"/>
    <property name="java.version" value="17.0.2"/>
    <property name="user.dir" value="d:\my programs\minecraft\plugin\print last death\print_last_death"/>
    <property name="os.arch" value="amd64"/>
    <property name="java.vm.specification.name" value="Java Virtual Machine Specification"/>
    <property name="sun.os.patch.level" value=""/>
    <property name="native.encoding" value="GBK"/>
    <property name="java.library.path" value="C:\Program Files\Java\jdk-17.0.2\bin;C:\Windows\Sun\Java\bin;C:\Windows\system32;C:\Windows;C:\Program Files\PowerShell\7;C:\Program Files (x86)\PowerShell\7;C:\Program Files\Common Files\Oracle\Java\javapath;C:\Windows\system32;C:\Windows;C:\Windows\System32\Wbem;C:\Windows\System32\WindowsPowerShell\v1.0\;C:\Windows\System32\OpenSSH\;C:\ProgramData\chocolatey\bin;C:\Program Files\Git\cmd;C:\Program Files\dotnet\;C:\tools\lxrunoffline;D:\programs\apache-maven-3.8.5\bin;C:\Program Files (x86)\PowerShell\7\;C:\Program Files\PowerShell\7\;D:\programs\nvm;C:\Program Files\nodejs;D:\programs\nvm;C:\Program Files\nodejs;C:\Users\Tommy AU\scoop\shims;C:\Users\Tommy AU\AppData\Local\Programs\Python\Python310\Scripts\;C:\Users\Tommy AU\AppData\Local\Programs\Python\Python310\;C:\Users\Tommy AU\AppData\Local\Microsoft\WindowsApps;D:\programs\Microsoft VS Code\bin;C:\msys64\mingw64\bin;C:\Users\Tommy AU\AppData\Local\Programs\oh-my-posh\bin;C:;D:\programs\nodejs\;C:\Program Files (x86)\Windows Kits\10\Windows Performance Toolkit\;C:\Program Files\Docker\Docker\resources\bin;C:\ProgramData\DockerDesktop\version-bin;C:\Program Files\PowerShell\7;C:\Program Files (x86)\PowerShell\7;C:\Program Files\Common Files\Oracle\Java\javapath;C:\Windows\system32;C:\Windows;C:\Windows\System32\Wbem;C:\Windows\System32\WindowsPowerShell\v1.0\;C:\Windows\System32\OpenSSH\;C:\ProgramData\chocolatey\bin;C:\Program Files\Git\cmd;C:\Program Files\dotnet\;C:\tools\lxrunoffline;C:\Program Files\Docker\Docker\resources\bin;C:\ProgramData\DockerDesktop\version-bin;D:\programs\apache-maven-3.8.5\bin;C:\Program Files (x86)\PowerShell\7\;C:\Program Files\PowerShell\7\;D:\programs\nvm;C:\Program Files\nodejs;D:\programs\nvm;C:\Program Files\nodejs;C:\Users\Tommy AU\scoop\shims;C:\Users\Tommy AU\AppData\Local\Microsoft\WindowsApps;D:\programs\Microsoft VS Code\bin;C:\msys64\mingw64\bin;C:\Users\Tommy AU\AppData\Local\Programs\oh-my-posh\bin;C:\Users\Tommy AU\AppData\Local\Programs\Espanso;D:\programs\tmux;C:\Users\Tommy AU\AppData\Roaming\npm;C:\Program Files\Git\bin;C:\Users\Tommy AU\AppData\Local\Yarn\bin;D:\programs\chisel_1.7.7_windows_amd64;D:\programs\heroku\bin;;."/>
    <property name="java.vm.info" value="mixed mode, sharing"/>
    <property name="java.vendor" value="Oracle Corporation"/>
    <property name="java.vm.version" value="17.0.2+8-LTS-86"/>
    <property name="sun.io.unicode.encoding" value="UnicodeLittle"/>
    <property name="java.class.version" value="61.0"/>
  </properties>
  <testcase name="shouldAnswerWithTrue" classname="dev.tommy.plugin.print_last_death.AppTest" time="0.002"/>
</testsuite>